spec/components/course/controller_component_host_spec.rb:2.384899
spec/components/course/controller_component_spec.rb:0.005203
spec/components/course/model_component_host_spec.rb:0.053575
spec/controllers/application_controller_spec.rb:0.484248
spec/controllers/attachment_references_controller_spec.rb:0.084758
spec/controllers/attachments_controller_spec.rb:0.18739
spec/controllers/concerns/course/discussion/posts_concern_spec.rb:0.008314
spec/controllers/course/achievement/achievements_controller_spec.rb:0.916039
spec/controllers/course/achievement/condition/achievements_controller_spec.rb:0.779969
spec/controllers/course/achievement/condition/assessments_controller_spec.rb:1.886404
spec/controllers/course/achievement/condition/levels_controller_spec.rb:0.901562
spec/controllers/course/achievement/course_users_controller_spec.rb:0.168574
spec/controllers/course/admin/admin_controller_spec.rb:2.238964
spec/controllers/course/admin/assessment_settings_controller_spec.rb:0.263077
spec/controllers/course/admin/assessments/categories_controller_spec.rb:0.553852
spec/controllers/course/admin/assessments/tabs_controller_spec.rb:0.608287
spec/controllers/course/admin/component_settings_controller_spec.rb:0.439211
spec/controllers/course/admin/discussion/topic_settings_controller_spec.rb:0.295182
spec/controllers/course/admin/forum_settings_controller_spec.rb:0.27629
spec/controllers/course/admin/leaderboard_settings_controller_spec.rb:0.437882
spec/controllers/course/admin/material_settings_controller_spec.rb:0.385294
spec/controllers/course/admin/sidebar_settings_controller_spec.rb:0.75335
spec/controllers/course/announcements_controller_spec.rb:0.555539
spec/controllers/course/assessment/assessments_component_spec.rb:0.043892
spec/controllers/course/assessment/assessments_controller_spec.rb:5.96306
spec/controllers/course/assessment/controller_spec.rb:0.34831
spec/controllers/course/assessment/programming_evaluations_controller_spec.rb:0.691608
spec/controllers/course/assessment/question/multiple_response_controller_spec.rb:1.238462
spec/controllers/course/assessment/question/programming_controller_spec.rb:2.563626
spec/controllers/course/assessment/question/text_responses_controller_spec.rb:1.093
spec/controllers/course/assessment/skill_branches_controller_spec.rb:0.613791
spec/controllers/course/assessment/skills_controller_spec.rb:0.567709
spec/controllers/course/assessment/submission/answer/comments_controller_spec.rb:1.129026
spec/controllers/course/assessment/submission/answer/programming/annotations_controller_spec.rb:0.891143
spec/controllers/course/assessment/submission/manually_graded_submission_controller_spec.rb:1.056194
spec/controllers/course/assessment/submission/submissions_controller_spec.rb:4.182204
spec/controllers/course/assessment/submissions_controller_spec.rb:2.756241
spec/controllers/course/conditions_controller_spec.rb:0.017123
spec/controllers/course/controller_spec.rb:1.09336
spec/controllers/course/courses_controller_spec.rb:0.423857
spec/controllers/course/discussion/posts_controller_spec.rb:0.598183
spec/controllers/course/discussion/topics_controller_spec.rb:16.475498
spec/controllers/course/events_controller_spec.rb:0.59919
spec/controllers/course/experience_points/disbursement_controller_spec.rb:0.188288
spec/controllers/course/experience_points/forum_disbursement_spec.rb:0.207199
spec/controllers/course/experience_points_records_controller_spec.rb:0.452386
spec/controllers/course/forum/forums_controller_spec.rb:1.527585
spec/controllers/course/forum/posts_controller_spec.rb:0.827861
spec/controllers/course/forum/topics_controller_spec.rb:7.032256
spec/controllers/course/groups_controller_spec.rb:2.04181
spec/controllers/course/leaderboards_controller_spec.rb:0.261163
spec/controllers/course/lesson_plan_milestones_controller_spec.rb:0.463717
spec/controllers/course/levels_controller_spec.rb:0.442965
spec/controllers/course/material/folders_controller_spec.rb:0.951717
spec/controllers/course/material/materials_controller_spec.rb:0.940802
spec/controllers/course/user_invitations_controller_spec.rb:3.193817
spec/controllers/course/user_registrations_controller_spec.rb:3.795959
spec/controllers/course/users_controller_spec.rb:6.095304
spec/controllers/course/video/submission/submissions_controller_spec.rb:0.729742
spec/controllers/course/virtual_classrooms_controller_spec.rb:0.579836
spec/controllers/jobs_controller_spec.rb:0.066339
spec/controllers/system/admin/admin_controller_spec.rb:0.073279
spec/controllers/system/admin/announcements_controller_spec.rb:0.176993
spec/controllers/system/admin/controller_spec.rb:0.12471
spec/controllers/system/admin/courses_controller_spec.rb:1.678682
spec/controllers/system/admin/instance/admin_controller_spec.rb:0.239373
spec/controllers/system/admin/instance/announcements_controller_spec.rb:0.193145
spec/controllers/system/admin/instance/components_controller_spec.rb:0.255995
spec/controllers/system/admin/instance/courses_controller_spec.rb:1.82586
spec/controllers/system/admin/instance/users_controller_spec.rb:1.56267
spec/controllers/system/admin/instances_controller_spec.rb:0.371688
spec/controllers/system/admin/users_controller_spec.rb:1.842213
spec/controllers/user/emails_controller_spec.rb:1.172354
spec/controllers/user/omniauth_callbacks_controller_spec.rb:0.216858
spec/controllers/user/profiles_controller_spec.rb:0.25494
spec/controllers/user_login_spec.rb:0.276351
spec/features/course/achievement_condition_management_spec.rb:10.459178
spec/features/course/achievement_listing_spec.rb:2.885066
spec/features/course/achievement_management_spec.rb:5.746835
spec/features/course/admin/admin_spec.rb:4.716124
spec/features/course/admin/announcement_settings_spec.rb:1.424345
spec/features/course/admin/component_settings_spec.rb:1.413644
spec/features/course/admin/discussion/topic_settings_spec.rb:1.335243
spec/features/course/admin/forum_settings_spec.rb:1.034252
spec/features/course/admin/leaderboard_settings_spec.rb:3.128346
spec/features/course/admin/material_settings_spec.rb:0.622561
spec/features/course/admin/sidebar_settings_spec.rb:0.648388
spec/features/course/admin/video_settings_spec.rb:0.614424
spec/features/course/admin/virtual_classroom_settings_spec.rb:1.356165
spec/features/course/announcement_management_spec.rb:4.620901
spec/features/course/announcement_pagination_spec.rb:3.474845
spec/features/course/announcement_sticky_spec.rb:0.525406
spec/features/course/assessment/answer/multiple_response_answer_spec.rb:5.578347
spec/features/course/assessment/answer/programming_answer_spec.rb:19.461764
spec/features/course/assessment/answer/text_response_answer_spec.rb:4.094023
spec/features/course/assessment/assessment_attempt_spec.rb:25.373425
spec/features/course/assessment/assessment_viewing_spec.rb:3.352061
spec/features/course/assessment/question/multiple_response_management_spec.rb:92.401872
spec/features/course/assessment/question/programming_management_spec.rb:47.365612
spec/features/course/assessment/question/text_response_management_spec.rb:51.629077
spec/features/course/assessment/skill_branch_management_spec.rb:1.660421
spec/features/course/assessment/skill_management_spec.rb:1.898821
spec/features/course/assessment/submission/autograded_spec.rb:23.163922
spec/features/course/assessment/submission/log_spec.rb:3.412602
spec/features/course/assessment/submission/manually_graded_spec.rb:30.089144
spec/features/course/assessment/submission/password_protected_and_deplayed_publishing_spec.rb:7.300467
spec/features/course/assessment/submission/programming_answer_comment_spec.rb:19.571865
spec/features/course/assessment/submission/submissions_spec.rb:4.771177
spec/features/course/assessment/submissions_viewing_spec.rb:5.964085
spec/features/course/assessment_condition_management_spec.rb:3.263288
spec/features/course/assessment_management_spec.rb:3.628341
spec/features/course/category_management_spec.rb:3.235304
spec/features/course/discussion/topic_management_spec.rb:16.993198
spec/features/course/duplication_spec.rb:1.527369
spec/features/course/enrol_request_managmement_spec.rb:6.280391
spec/features/course/experience_points/disbursement_spec.rb:4.51868
spec/features/course/experience_points/forum_disbrusement_spec.rb:1.107752
spec/features/course/experience_points_record_management_spec.rb:3.094229
spec/features/course/forum/post_management_spec.rb:14.383102
spec/features/course/forum/search_spec.rb:0.75986
spec/features/course/forum/topic_management_spec.rb:15.645906
spec/features/course/forum_management_spec.rb:11.066755
spec/features/course/group_management_spec.rb:4.85958
spec/features/course/homepage_spec.rb:15.891632
spec/features/course/invitation_management_spec.rb:14.951828
spec/features/course/leaderboard_viewing_spec.rb:1.961598
spec/features/course/lesson_plan_event_management_spec.rb:8.347624
spec/features/course/lesson_plan_milestone_management_spec.rb:3.101119
spec/features/course/lesson_plan_spec.rb:2.601389
spec/features/course/level_management_spec.rb:1.882603
spec/features/course/material/files_management_spec.rb:3.013891
spec/features/course/material/folder_management_spec.rb:8.107428
spec/features/course/registration_spec.rb:1.183353
spec/features/course/staff_management_spec.rb:4.995247
spec/features/course/staff_statistics_spec.rb:1.505189
spec/features/course/student_management_spec.rb:2.055944
spec/features/course/student_statistics_spec.rb:1.849289
spec/features/course/tab_management_spec.rb:2.67323
spec/features/course/unread_status_management_spec.rb:8.709493
spec/features/course/user_listing_spec.rb:0.646944
spec/features/course/user_profile_spec.rb:1.450512
spec/features/course/video/submissions_viewing_spec.rb:0.650255
spec/features/course/video/video_management_spec.rb:1.934766
spec/features/course/video/video_viewing_and_attempting_spec.rb:1.171395
spec/features/course/virtual_classroom/virtual_classroom_access_link_spec.rb:3.819229
spec/features/course/virtual_classroom/virtual_classroom_management_spec.rb:3.167159
spec/features/course/virtual_classroom/virtual_classroom_pagination_spec.rb:1.738996
spec/features/course_management_spec.rb:1.16667
spec/features/global_announcements_spec.rb:1.335721
spec/features/jobs_query_spec.rb:0.249097
spec/features/system/admin/announcement_management_spec.rb:1.753297
spec/features/system/admin/announcement_pagination_spec.rb:4.558125
spec/features/system/admin/components_settings_spec.rb:0.58875
spec/features/system/admin/course_management_spec.rb:1.822317
spec/features/system/admin/instance/course_management_spec.rb:1.485736
spec/features/system/admin/instance/instance_announcement_management_spec.rb:1.378929
spec/features/system/admin/instance/instance_announcement_pagination_spec.rb:4.935371
spec/features/system/admin/instance/user_management_spec.rb:4.364058
spec/features/system/admin/instance_management_spec.rb:1.993044
spec/features/system/admin/masquerades_spec.rb:0.618992
spec/features/system/admin/user_management_spec.rb:3.881104
spec/features/user/email_management_spec.rb:1.302749
spec/features/user/omniauth_spec.rb:0.227643
spec/features/user/password_management_spec.rb:0.123337
spec/features/user/profile_spec.rb:1.049302
spec/features/user_sign_in_spec.rb:0.615436
spec/features/user_sign_up_spec.rb:0.871088
spec/helpers/application_cocoon_helper_spec.rb:0.03452
spec/helpers/application_formatters_helper_spec.rb:0.774521
spec/helpers/application_helper_spec.rb:0.056961
spec/helpers/application_notifications_helper_spec.rb:0.085569
spec/helpers/application_theming_helper_spec.rb:0.048097
spec/helpers/application_widgets_helper_spec.rb:1.793983
spec/helpers/course/achievement/controller_helper_spec.rb:1.099367
spec/helpers/course/announcements_helper_spec.rb:0.017348
spec/helpers/course/assessment/answer/programming_helper_spec.rb:1.707864
spec/helpers/course/assessment/assessments_helper_spec.rb:0.191919
spec/helpers/course/assessment/question/programming_helper_spec.rb:1.523875
spec/helpers/course/assessment/submission/submissions_helper_spec.rb:0.074473
spec/helpers/course/assessment/submissions_helper_spec.rb:4.300478
spec/helpers/course/condition/conditions_helper_spec.rb:0.01495
spec/helpers/course/controller_helper_spec.rb:3.681278
spec/helpers/course/lesson_plan/todos_helper_spec.rb:0.392783
spec/helpers/course/material/folders_helper_spec.rb:0.006572
spec/helpers/course/virtual_classrooms_helper_spec.rb:0.006687
spec/helpers/route_overrides_helper_spec.rb:0.022171
spec/jobs/course/assessment/answer/auto_grading_job_spec.rb:0.804528
spec/jobs/course/assessment/closing_reminder_job_spec.rb:0.218738
spec/jobs/course/assessment/opening_reminder_job_spec.rb:0.108803
spec/jobs/course/assessment/question/programming_import_job_spec.rb:0.902759
spec/jobs/course/assessment/submission/auto_grading_job_spec.rb:0.978851
spec/jobs/course/conditionals/conditional_satisfiability_evaluation_job_spec.rb:0.267322
spec/jobs/course/material/zip_download_job_spec.rb:0.204109
spec/jobs/course/video/closing_reminder_job_spec.rb:0.204465
spec/jobs/course/video/opening_reminder_job_spec.rb:0.107884
spec/libraries/activity_wrapper_spec.rb:1.023295
spec/libraries/acts_as_attachable_spec.rb:0.087177
spec/libraries/acts_as_condition_spec.rb:0.283934
spec/libraries/acts_as_conditional_spec.rb:0.016266
spec/libraries/acts_as_exp_record_spec.rb:0.015804
spec/libraries/acts_as_lesson_plan_item_spec.rb:0.023074
spec/libraries/componentize_spec.rb:0.006451
spec/libraries/course/assessment/programming_package_spec.rb:0.023786
spec/libraries/course/assessment/programming_test_case_report_spec.rb:0.049318
spec/libraries/course/conditional/user_satisfiability_graph_spec.rb:0.060063
spec/libraries/database_event_spec.rb:1.020524
spec/libraries/duplicator_spec.rb:1.085279
spec/libraries/filename_validator_spec.rb:0.004748
spec/libraries/form_for_resource_spec.rb:0.146085
spec/libraries/has_many_inverse_through_spec.rb:0.062034
spec/libraries/high_voltage_pages_spec.rb:0.032336
spec/libraries/inherited_nested_layouts_spec.rb:0.06454
spec/libraries/legacy_spec.rb:0.018399
spec/libraries/manual_eager_load_spec.rb:0.077686
spec/libraries/materials_spec.rb:0.055698
spec/libraries/pathname_helpers_spec.rb:0.00658
spec/libraries/polyglot_spec.rb:0.095644
spec/libraries/render_partial_with_prefix_suffix_spec.rb:0.042366
spec/libraries/render_within_layout_spec.rb:0.056226
spec/libraries/send_file_spec.rb:0.009108
spec/libraries/sign_in_with_callback_spec.rb:0.042436
spec/libraries/time_bounded_record_spec.rb:0.233583
spec/libraries/trackable_job_spec.rb:0.163976
spec/mailers/activity_mailer_spec.rb:0.692487
spec/mailers/course/mailer_spec.rb:0.920112
spec/models/activity_spec.rb:0.791649
spec/models/attachment_reference_spec.rb:0.314813
spec/models/attachment_spec.rb:0.068443
spec/models/concerns/effective_settings_concern_spec.rb:0.018229
spec/models/concerns/settings_concern_spec.rb:0.023136
spec/models/course/achievement_ability_spec.rb:1.24347
spec/models/course/achievement_spec.rb:1.4678
spec/models/course/announcement_ability_spec.rb:2.147529
spec/models/course/announcement_spec.rb:1.487097
spec/models/course/assessment/answer/auto_grading_spec.rb:0.000992
spec/models/course/assessment/answer/multiple_response_option_spec.rb:0.00289
spec/models/course/assessment/answer/multiple_response_spec.rb:0.551771
spec/models/course/assessment/answer/programming_auto_grading_spec.rb:0.016722
spec/models/course/assessment/answer/programming_auto_grading_test_result_spec.rb:0.003216
spec/models/course/assessment/answer/programming_file_annotation_spec.rb:0.004937
spec/models/course/assessment/answer/programming_file_spec.rb:2.548007
spec/models/course/assessment/answer/programming_spec.rb:2.349424
spec/models/course/assessment/answer/text_response_spec.rb:0.935175
spec/models/course/assessment/answer_spec.rb:6.266899
spec/models/course/assessment/assessment_ability_spec.rb:11.833782
spec/models/course/assessment/category_spec.rb:0.730674
spec/models/course/assessment/programming_evaluation_spec.rb:1.339316
spec/models/course/assessment/question/multiple_response_option_spec.rb:0.220561
spec/models/course/assessment/question/multiple_response_spec.rb:1.568954
spec/models/course/assessment/question/programming_spec.rb:2.792417
spec/models/course/assessment/question/programming_template_file_spec.rb:0.705281
spec/models/course/assessment/question/programming_test_case_spec.rb:0.005001
spec/models/course/assessment/question/text_response_solution_spec.rb:0.195789
spec/models/course/assessment/question/text_response_spec.rb:1.646444
spec/models/course/assessment/question_spec.rb:1.65117
spec/models/course/assessment/skill_branch_spec.rb:0.007889
spec/models/course/assessment/skill_spec.rb:0.075853
spec/models/course/assessment/submission/log_spec.rb:0.000977
spec/models/course/assessment/submission_spec.rb:35.612595
spec/models/course/assessment/tab_spec.rb:0.098552
spec/models/course/assessment_spec.rb:8.576749
spec/models/course/condition/achievement_ability_spec.rb:0.217178
spec/models/course/condition/achievement_spec.rb:1.683832
spec/models/course/condition/assessment_ability_spec.rb:1.392392
spec/models/course/condition/assessment_spec.rb:9.788959
spec/models/course/condition/level_ability_spec.rb:0.16741
spec/models/course/condition/level_spec.rb:0.643113
spec/models/course/condition_spec.rb:0.488314
spec/models/course/discussion/post/vote_spec.rb:0.635475
spec/models/course/discussion/post_spec.rb:4.460519
spec/models/course/discussion/topic/subscription_spec.rb:0.006096
spec/models/course/discussion/topic_spec.rb:10.598861
spec/models/course/enrol_request_spec.rb:0.125317
spec/models/course/event_spec.rb:0.001928
spec/models/course/experience_points/forum_disbursement_spec.rb:0.002695
spec/models/course/experience_points_record_ability_spec.rb:5.83063
spec/models/course/experience_points_record_spec.rb:1.048754
spec/models/course/forum/search_spec.rb:0.00175
spec/models/course/forum/subscription_spec.rb:0.006323
spec/models/course/forum/topic/view_spec.rb:0.002183
spec/models/course/forum/topic_ability_spec.rb:1.051923
spec/models/course/forum/topic_spec.rb:6.092493
spec/models/course/forum_ability_spec.rb:0.267259
spec/models/course/forum_spec.rb:3.004423
spec/models/course/group_ability_spec.rb:0.488282
spec/models/course/group_spec.rb:3.719819
spec/models/course/group_user_spec.rb:0.172784
spec/models/course/lesson_plan/lesson_plan_event_ability_spec.rb:0.815344
spec/models/course/lesson_plan/lesson_plan_item_ability_spec.rb:0.573603
spec/models/course/lesson_plan/lesson_plan_item_spec.rb:0.789076
spec/models/course/lesson_plan/lesson_plan_milestone_ability_spec.rb:0.686875
spec/models/course/lesson_plan/lesson_plan_milestone_spec.rb:0.001159
spec/models/course/lesson_plan/lesson_plan_todo_ability_spec.rb:0.365158
spec/models/course/lesson_plan/lesson_plan_todo_spec.rb:2.187972
spec/models/course/level_ability_spec.rb:0.309395
spec/models/course/level_spec.rb:0.808477
spec/models/course/material/folder_ability_spec.rb:4.61093
spec/models/course/material/folder_spec.rb:0.753442
spec/models/course/material_ability_spec.rb:1.698626
spec/models/course/material_spec.rb:0.270464
spec/models/course/notification_spec.rb:0.002065
spec/models/course/requirement_spec.rb:0.006633
spec/models/course/survey/answer_option_spec.rb:0.006621
spec/models/course/survey/answer_spec.rb:0.011988
spec/models/course/survey/question_option_spec.rb:0.008754
spec/models/course/survey/question_spec.rb:0.015034
spec/models/course/survey/response_spec.rb:2.176002
spec/models/course/survey/section_spec.rb:0.006445
spec/models/course/survey/survey_ability_spec.rb:0.639666
spec/models/course/survey_spec.rb:0.009769
spec/models/course/user_achievement_spec.rb:0.003448
spec/models/course/user_invitation_spec.rb:0.007652
spec/models/course/video/submission_spec.rb:1.534878
spec/models/course/video/video_ability_spec.rb:4.595735
spec/models/course/video_spec.rb:0.997433
spec/models/course/virtual_classroom_ability_spec.rb:1.350009
spec/models/course/virtual_classroom_spec.rb:0.438186
spec/models/course_ability_spec.rb:2.084716
spec/models/course_spec.rb:2.367126
spec/models/course_user_ability_spec.rb:0.32207
spec/models/course_user_spec.rb:8.925497
spec/models/generic_announcement_ability_spec.rb:3.547353
spec/models/generic_announcement_spec.rb:1.233508
spec/models/instance/announcement_ability_spec.rb:1.518678
spec/models/instance_ability_spec.rb:0.237394
spec/models/instance_spec.rb:0.537093
spec/models/instance_users_spec.rb:0.506772
spec/models/system/announcement_spec.rb:0.078367
spec/models/system/system_announcement_ability_spec.rb:1.118583
spec/models/user/email_ability_spec.rb:0.149868
spec/models/user/email_spec.rb:0.234309
spec/models/user/identity_spec.rb:0.001247
spec/models/user_notification_spec.rb:0.001847
spec/models/user_spec.rb:0.871518
spec/notifiers/course/achievement_notifier_spec.rb:0.365143
spec/notifiers/course/announcement_notifier_spec.rb:0.350065
spec/notifiers/course/assessment_notifier_spec.rb:1.824464
spec/notifiers/course/forum/post_notifier_spec.rb:1.083312
spec/notifiers/course/forum/topic_notifier_spec.rb:0.948334
spec/notifiers/course/level_notifier_spec.rb:0.230747
spec/notifiers/course/video_notifier_spec.rb:1.854926
spec/notifiers/notifier/base_spec.rb:1.656206
spec/requests/course/assessment/programming_evaluations_processing_spec.rb:1.187794
spec/requests/devise_pages_spec.rb:0.160938
spec/requests/high_voltage_pages_spec.rb:0.088685
spec/requests/user_sign_in_spec.rb:0.348462
spec/services/course/assessment/achievement_preload_service_spec.rb:0.529123
spec/services/course/assessment/answer/auto_grading_service_spec.rb:2.246285
spec/services/course/assessment/answer/multiple_response_auto_grading_service_spec.rb:2.159156
spec/services/course/assessment/answer/programming_auto_grading_service_spec.rb:4.921765
spec/services/course/assessment/answer/text_response_auto_grading_service_spec.rb:1.337675
spec/services/course/assessment/programming_evaluation_service_spec.rb:0.319825
spec/services/course/assessment/question/answers_evaluation_service_spec.rb:0.525892
spec/services/course/assessment/question/programming_import_service_spec.rb:1.477586
spec/services/course/assessment/reminder_service_spec.rb:0.576985
spec/services/course/assessment/submission/auto_grading_service_spec.rb:7.714852
spec/services/course/assessment/submission/update_guided_assessment_service_spec.rb:0.016753
spec/services/course/conditional/conditional_satisfiability_evaluation_service_spec.rb:0.687875
spec/services/course/conditional/satisfiability_graph_build_service_spec.rb:0.215136
spec/services/course/duplication_service_spec.rb:13.203695
spec/services/course/material/zip_download_service_spec.rb:1.425755
spec/services/course/user_invitation_service_spec.rb:6.239609
spec/services/course/user_registration_service_spec.rb:1.093177
spec/services/course/video/reminder_service_spec.rb:1.023516
spec/uploaders/file_uploader_spec.rb:0.039828
spec/uploaders/image_uploader_spec.rb:2.477209
